[2026-03-05 18:34:10] ======================================================================
[2026-03-05 18:34:10] Parser Health Check — v2.1.0 (last verified: 2026-03-05)
[2026-03-05 18:34:10] ======================================================================
[2026-03-05 18:34:10] 
Checking: Manchester — unfiltered, 1 mile radius
[2026-03-05 18:34:10]   URL: https://www.rightmove.co.uk/house-prices/manchester.html?soldIn=2&radius=1.0
[2026-03-05 18:34:12]   ✓ PASS — 25 properties extracted
[2026-03-05 18:34:12]            Sample: 40, Lowfield Road, Cale Green, Stockport SK3 8JS | 22 Dec 2025 | £240,000
[2026-03-05 18:34:13] 
Checking: CV10 0NB — filtered, 0.25 mile, terraced freehold
[2026-03-05 18:34:13]   URL: https://www.rightmove.co.uk/house-prices/cv10-0nb.html?soldIn=2&radius=0.25&propertyType=TERRACED&tenure=FREEHOLD
[2026-03-05 18:34:14]   ✓ PASS — 13 properties extracted
[2026-03-05 18:34:14]            Sample: 98, Victoria Road, Nuneaton CV10 0LR | 28 Mar 2025 | £210,000
[2026-03-05 18:34:15] 
======================================================================
[2026-03-05 18:34:15] ✓ ALL CHECKS PASSED — parser is working correctly
[2026-03-05 18:34:15] ======================================================================

[2026-03-08 08:00:04] ======================================================================
[2026-03-08 08:00:04] Parser Health Check — v2.1.0 (last verified: 2026-03-05)
[2026-03-08 08:00:04] ======================================================================
[2026-03-08 08:00:04] 
Checking: Manchester — unfiltered, 1 mile radius
[2026-03-08 08:00:04]   URL: https://www.rightmove.co.uk/house-prices/manchester.html?soldIn=2&radius=1.0
[2026-03-08 08:00:05]   ✓ PASS — 25 properties extracted
[2026-03-08 08:00:05]            Sample: 40, Lowfield Road, Cale Green, Stockport SK3 8JS | 22 Dec 2025 | £240,000
[2026-03-08 08:00:06] 
Checking: CV10 0NB — filtered, 0.25 mile, terraced freehold
[2026-03-08 08:00:06]   URL: https://www.rightmove.co.uk/house-prices/cv10-0nb.html?soldIn=2&radius=0.25&propertyType=TERRACED&tenure=FREEHOLD
[2026-03-08 08:00:08]   ✓ PASS — 13 properties extracted
[2026-03-08 08:00:08]            Sample: 98, Victoria Road, Nuneaton CV10 0LR | 28 Mar 2025 | £210,000
[2026-03-08 08:00:09] 
======================================================================
[2026-03-08 08:00:09] ✓ ALL CHECKS PASSED — parser is working correctly
[2026-03-08 08:00:09] ======================================================================

